<?xml version="1.0" encoding="UTF-8"?>
<!-- Generated by org.testng.reporters.JUnitReportReporter -->
<testsuite hostname="DESKTOP-8MQ7PA6" failures="0" tests="1" name="com.Celmit_CRM.OPerations.VerifyOperationCreation" time="21.806" errors="0" timestamp="2021-05-29T12:07:43 IST" skipped="0">
  <testcase classname="com.Celmit_CRM.OPerations.VerifyOperationCreation" name="verifyOperationTest" time="21.806"/>
  <system-out>
    <![CDATA[verifyOperationTest Started
Home page is Displayed
custom view page is Displayed
Our Campaign is Created
verifyOperationTest Passed]]>
  </system-out>
</testsuite> <!-- com.Celmit_CRM.OPerations.VerifyOperationCreation -->
